<?xml version="1.0" encoding="UTF-8"?>
<!-- Generated by org.testng.reporters.JUnitXMLReporter -->
<testsuite ignored="0" hostname="LAPTOP-MTO5U5N3" failures="0" tests="6" name="Test" time="103.791" errors="0" timestamp="09 May 2020 21:56:46 GMT">
  <testcase classname="com.crm.testcases.LoginPageTest" name="validateImageTest" time="0.112"/>
  <testcase classname="com.crm.testcases.LoginPageTest" name="validateTitleTest" time="0.013"/>
  <testcase classname="com.crm.testcases.ContactsPageTest" name="createContact" time="3.575"/>
  <testcase classname="com.crm.testcases.ContactsPageTest" name="createContact" time="3.543"/>
  <testcase classname="com.crm.testcases.ContactsPageTest" name="createContact" time="3.908"/>
  <testcase classname="com.crm.testcases.LoginPageTest" name="validateLoginTest" time="4.782"/>
</testsuite> <!-- Test -->
